#
# There is insufficient memory for the Java Runtime Environment to continue.
# Native memory allocation (mmap) failed to map 65536 bytes for Failed to commit metaspace.
# Possible reasons:
#   The system is out of physical RAM or swap space
#   The process is running with CompressedOops enabled, and the Java Heap may be blocking the growth of the native heap
# Possible solutions:
#   Reduce memory load on the system
#   Increase physical memory or swap space
#   Check if swap backing store is full
#   Decrease Java heap size (-Xmx/-Xms)
#
#  Out of Memory Error, pid=15828 Windows 11 , 64 bit Build 22000 (10.0.22000.1516)
Time: Mon Feb 27 12:54:54 2023 Hora estándar central (México) elapsed time: 73.315674 seconds (0d 0h 1m 13s)

---------------  T H R E A D  ---------------

Current thread (0x00000180ec15bbf0):  JavaThread "C1 CompilerThread0" daemon [_thread_in_vm, id=25632, stack(0x00000026d0300000,0x00000026d0400000)]


Current CompileTask:
C1:  73315 1131       3       sun.swing.SwingUtilities2::getFRCFromCache (128 bytes)

Stack: [0x00000026d0300000,0x00000026d0400000]
Native frames: (J=compiled Java code, j=interpreted, Vv=VM code, C=native code)
V  [jvm.dll+0x67741a]
V  [jvm.dll+0x834434]
V  [jvm.dll+0x835bde]
V  [jvm.dll+0x836243]
V  [jvm.dll+0x2457b5]
V  [jvm.dll+0x8304cb]
V  [jvm.dll+0x61bca6]
V  [jvm.dll+0x1c05fe]
V  [jvm.dll+0x61e5f1]
V  [jvm.dll+0x61c646]
V  [jvm.dll+0x62d84a]
V  [jvm.dll+0x6266aa]
V  [jvm.dll+0x1cc730]
V  [jvm.dll+0x1cc91f]
V  [jvm.dll+0x146cd1]
V  [jvm.dll+0x146b15]
V  [jvm.dll+0x13e37e]
V  [jvm.dll+0x140935]
V  [jvm.dll+0x13ec14]
V  [jvm.dll+0x138b8f]
V  [jvm.dll+0x148706]
V  [jvm.dll+0x1342a0]
V  [jvm.dll+0x134600]
V  [jvm.dll+0x1348c6]
V  [jvm.dll+0x133d5a]
V  [jvm.dll+0x135a21]
V  [jvm.dll+0x22742a]
V  [jvm.dll+0x225565]
V  [jvm.dll+0x7ea2cb]
V  [jvm.dll+0x7e483a]
V  [jvm.dll+0x6762c5]
C  [ucrtbase.dll+0x26c0c]
C  [KERNEL32.DLL+0x155a0]
C  [ntdll.dll+0x485b]


---------------  P R O C E S S  ---------------

Threads class SMR info:
_java_thread_list=0x00000180ec5b4bb0, length=18, elements={
0x00000180d18ef070, 0x00000180eb789010, 0x00000180eb78ac50, 0x00000180eb7768d0,
0x00000180eb777190, 0x00000180eb79ddf0, 0x00000180eb79e6b0, 0x00000180ec15b540,
0x00000180ec15bbf0, 0x00000180ec15c1f0, 0x00000180eb6f25b0, 0x00000180ec3b96b0,
0x00000180ec412270, 0x00000180ec412b50, 0x00000180ec52d3e0, 0x00000180ecb11440,
0x00000180ecb20580, 0x00000180ecb21d90
}

Java Threads: ( => current thread )
  0x00000180d18ef070 JavaThread "main" [_thread_blocked, id=37036, stack(0x00000026cf500000,0x00000026cf600000)]
  0x00000180eb789010 JavaThread "Reference Handler" daemon [_thread_blocked, id=23520, stack(0x00000026cfc00000,0x00000026cfd00000)]
  0x00000180eb78ac50 JavaThread "Finalizer" daemon [_thread_blocked, id=18592, stack(0x00000026cfd00000,0x00000026cfe00000)]
  0x00000180eb7768d0 JavaThread "Signal Dispatcher" daemon [_thread_blocked, id=30508, stack(0x00000026cfe00000,0x00000026cff00000)]
  0x00000180eb777190 JavaThread "Attach Listener" daemon [_thread_blocked, id=28716, stack(0x00000026cff00000,0x00000026d0000000)]
  0x00000180eb79ddf0 JavaThread "Service Thread" daemon [_thread_blocked, id=38012, stack(0x00000026d0000000,0x00000026d0100000)]
  0x00000180eb79e6b0 JavaThread "Monitor Deflation Thread" daemon [_thread_blocked, id=16728, stack(0x00000026d0100000,0x00000026d0200000)]
  0x00000180ec15b540 JavaThread "C2 CompilerThread0" daemon [_thread_blocked, id=22352, stack(0x00000026d0200000,0x00000026d0300000)]
=>0x00000180ec15bbf0 JavaThread "C1 CompilerThread0" daemon [_thread_in_vm, id=25632, stack(0x00000026d0300000,0x00000026d0400000)]
  0x00000180ec15c1f0 JavaThread "Sweeper thread" daemon [_thread_blocked, id=16280, stack(0x00000026d0400000,0x00000026d0500000)]
  0x00000180eb6f25b0 JavaThread "Common-Cleaner" daemon [_thread_blocked, id=12788, stack(0x00000026d0500000,0x00000026d0600000)]
  0x00000180ec3b96b0 JavaThread "Notification Thread" daemon [_thread_blocked, id=35696, stack(0x00000026d0600000,0x00000026d0700000)]
  0x00000180ec412270 JavaThread "Java2D Disposer" daemon [_thread_blocked, id=17880, stack(0x00000026d0800000,0x00000026d0900000)]
  0x00000180ec412b50 JavaThread "AWT-Shutdown" [_thread_blocked, id=36892, stack(0x00000026d0900000,0x00000026d0a00000)]
  0x00000180ec52d3e0 JavaThread "AWT-Windows" daemon [_thread_in_native, id=28596, stack(0x00000026d0a00000,0x00000026d0b00000)]
  0x00000180ecb11440 JavaThread "AWT-EventQueue-0" [_thread_in_vm, id=37908, stack(0x00000026d1d00000,0x00000026d1e00000)]
  0x00000180ecb20580 JavaThread "D3D Screen Updater" daemon [_thread_blocked, id=35284, stack(0x00000026d1f00000,0x00000026d2000000)]
  0x00000180ecb21d90 JavaThread "TimerQueue" daemon [_thread_blocked, id=21884, stack(0x00000026d2000000,0x00000026d2100000)]

Other Threads:
  0x00000180eb7685d0 VMThread "VM Thread" [stack: 0x00000026cfb00000,0x00000026cfc00000] [id=27664]
  0x00000180d1962490 WatcherThread [stack: 0x00000026d0700000,0x00000026d0800000] [id=8032]
  0x00000180d1947b80 GCTaskThread "GC Thread#0" [stack: 0x00000026cf600000,0x00000026cf700000] [id=37072]
  0x00000180d1957f00 ConcurrentGCThread "G1 Main Marker" [stack: 0x00000026cf700000,0x00000026cf800000] [id=10248]
  0x00000180d1958910 ConcurrentGCThread "G1 Conc#0" [stack: 0x00000026cf800000,0x00000026cf900000] [id=34660]
  0x00000180eb5c20b0 ConcurrentGCThread "G1 Refine#0" [stack: 0x00000026cf900000,0x00000026cfa00000] [id=23292]
  0x00000180eb5c28e0 ConcurrentGCThread "G1 Service" [stack: 0x00000026cfa00000,0x00000026cfb00000] [id=27268]

Threads with active compile tasks:
C1 CompilerThread0    73358 1131       3       sun.swing.SwingUtilities2::getFRCFromCache (128 bytes)

VM state: not at safepoint (normal execution)

VM Mutex/Monitor currently owned by a thread:  ([mutex/lock_event])
[0x00000180d18e9070] Metaspace_lock - owner thread: 0x00000180ec15bbf0
[0x00000180d18eaf50] MethodData_lock - owner thread: 0x00000180ec15bbf0

Heap address: 0x000000008a600000, size: 1882 MB, Compressed Oops mode: 32-bit

CDS archive(s) not mapped
Compressed class space mapped at: 0x0000000100000000-0x0000000140000000, reserved size: 1073741824
Narrow klass base: 0x0000000000000000, Narrow klass shift: 3, Narrow klass range: 0x140000000

GC Precious Log:
 CPUs: 12 total, 12 available
 Memory: 7521M
 Large Page Support: Disabled
 NUMA Support: Disabled
 Compressed Oops: Enabled (32-bit)
 Heap Region Size: 1M
 Heap Min Capacity: 8M
 Heap Initial Capacity: 118M
 Heap Max Capacity: 1882M
 Pre-touch: Disabled
 Parallel Workers: 10
 Concurrent Workers: 3
 Concurrent Refinement Workers: 10
 Periodic GC: Disabled

Heap:
 garbage-first heap   total 120832K, used 7168K [0x000000008a600000, 0x0000000100000000)
  region size 1024K, 8 young (8192K), 0 survivors (0K)
 Metaspace       used 15712K, committed 15936K, reserved 1064960K
  class space    used 1644K, committed 1792K, reserved 1048576K

Heap Regions: E=young(eden), S=young(survivor), O=old, HS=humongous(starts), HC=humongous(continues), CS=collection set, F=free, OA=open archive, CA=closed archive, TAMS=top-at-mark-start (previous, next)
|   0|0x000000008a600000, 0x000000008a600000, 0x000000008a700000|  0%| F|  |TAMS 0x000000008a600000, 0x000000008a600000| Untracked 
|   1|0x000000008a700000, 0x000000008a700000, 0x000000008a800000|  0%| F|  |TAMS 0x000000008a700000, 0x000000008a700000| Untracked 
|   2|0x000000008a800000, 0x000000008a800000, 0x000000008a900000|  0%| F|  |TAMS 0x000000008a800000, 0x000000008a800000| Untracked 
|   3|0x000000008a900000, 0x000000008a900000, 0x000000008aa00000|  0%| F|  |TAMS 0x000000008a900000, 0x000000008a900000| Untracked 
|   4|0x000000008aa00000, 0x000000008aa00000, 0x000000008ab00000|  0%| F|  |TAMS 0x000000008aa00000, 0x000000008aa00000| Untracked 
|   5|0x000000008ab00000, 0x000000008ab00000, 0x000000008ac00000|  0%| F|  |TAMS 0x000000008ab00000, 0x000000008ab00000| Untracked 
|   6|0x000000008ac00000, 0x000000008ac00000, 0x000000008ad00000|  0%| F|  |TAMS 0x000000008ac00000, 0x000000008ac00000| Untracked 
|   7|0x000000008ad00000, 0x000000008ad00000, 0x000000008ae00000|  0%| F|  |TAMS 0x000000008ad00000, 0x000000008ad00000| Untracked 
|   8|0x000000008ae00000, 0x000000008ae00000, 0x000000008af00000|  0%| F|  |TAMS 0x000000008ae00000, 0x000000008ae00000| Untracked 
|   9|0x000000008af00000, 0x000000008af00000, 0x000000008b000000|  0%| F|  |TAMS 0x000000008af00000, 0x000000008af00000| Untracked 
|  10|0x000000008b000000, 0x000000008b000000, 0x000000008b100000|  0%| F|  |TAMS 0x000000008b000000, 0x000000008b000000| Untracked 
|  11|0x000000008b100000, 0x000000008b100000, 0x000000008b200000|  0%| F|  |TAMS 0x000000008b100000, 0x000000008b100000| Untracked 
|  12|0x000000008b200000, 0x000000008b200000, 0x000000008b300000|  0%| F|  |TAMS 0x000000008b200000, 0x000000008b200000| Untracked 
|  13|0x000000008b300000, 0x000000008b300000, 0x000000008b400000|  0%| F|  |TAMS 0x000000008b300000, 0x000000008b300000| Untracked 
|  14|0x000000008b400000, 0x000000008b400000, 0x000000008b500000|  0%| F|  |TAMS 0x000000008b400000, 0x000000008b400000| Untracked 
|  15|0x000000008b500000, 0x000000008b500000, 0x000000008b600000|  0%| F|  |TAMS 0x000000008b500000, 0x000000008b500000| Untracked 
|  16|0x000000008b600000, 0x000000008b600000, 0x000000008b700000|  0%| F|  |TAMS 0x000000008b600000, 0x000000008b600000| Untracked 
|  17|0x000000008b700000, 0x000000008b700000, 0x000000008b800000|  0%| F|  |TAMS 0x000000008b700000, 0x000000008b700000| Untracked 
|  18|0x000000008b800000, 0x000000008b800000, 0x000000008b900000|  0%| F|  |TAMS 0x000000008b800000, 0x000000008b800000| Untracked 
|  19|0x000000008b900000, 0x000000008b900000, 0x000000008ba00000|  0%| F|  |TAMS 0x000000008b900000, 0x000000008b900000| Untracked 
|  20|0x000000008ba00000, 0x000000008ba00000, 0x000000008bb00000|  0%| F|  |TAMS 0x000000008ba00000, 0x000000008ba00000| Untracked 
|  21|0x000000008bb00000, 0x000000008bb00000, 0x000000008bc00000|  0%| F|  |TAMS 0x000000008bb00000, 0x000000008bb00000| Untracked 
|  22|0x000000008bc00000, 0x000000008bc00000, 0x000000008bd00000|  0%| F|  |TAMS 0x000000008bc00000, 0x000000008bc00000| Untracked 
|  23|0x000000008bd00000, 0x000000008bd00000, 0x000000008be00000|  0%| F|  |TAMS 0x000000008bd00000, 0x000000008bd00000| Untracked 
|  24|0x000000008be00000, 0x000000008be00000, 0x000000008bf00000|  0%| F|  |TAMS 0x000000008be00000, 0x000000008be00000| Untracked 
|  25|0x000000008bf00000, 0x000000008bf00000, 0x000000008c000000|  0%| F|  |TAMS 0x000000008bf00000, 0x000000008bf00000| Untracked 
|  26|0x000000008c000000, 0x000000008c000000, 0x000000008c100000|  0%| F|  |TAMS 0x000000008c000000, 0x000000008c000000| Untracked 
|  27|0x000000008c100000, 0x000000008c100000, 0x000000008c200000|  0%| F|  |TAMS 0x000000008c100000, 0x000000008c100000| Untracked 
|  28|0x000000008c200000, 0x000000008c200000, 0x000000008c300000|  0%| F|  |TAMS 0x000000008c200000, 0x000000008c200000| Untracked 
|  29|0x000000008c300000, 0x000000008c300000, 0x000000008c400000|  0%| F|  |TAMS 0x000000008c300000, 0x000000008c300000| Untracked 
|  30|0x000000008c400000, 0x000000008c400000, 0x000000008c500000|  0%| F|  |TAMS 0x000000008c400000, 0x000000008c400000| Untracked 
|  31|0x000000008c500000, 0x000000008c500000, 0x000000008c600000|  0%| F|  |TAMS 0x000000008c500000, 0x000000008c500000| Untracked 
|  32|0x000000008c600000, 0x000000008c600000, 0x000000008c700000|  0%| F|  |TAMS 0x000000008c600000, 0x000000008c600000| Untracked 
|  33|0x000000008c700000, 0x000000008c700000, 0x000000008c800000|  0%| F|  |TAMS 0x000000008c700000, 0x000000008c700000| Untracked 
|  34|0x000000008c800000, 0x000000008c800000, 0x000000008c900000|  0%| F|  |TAMS 0x000000008c800000, 0x000000008c800000| Untracked 
|  35|0x000000008c900000, 0x000000008c900000, 0x000000008ca00000|  0%| F|  |TAMS 0x000000008c900000, 0x000000008c900000| Untracked 
|  36|0x000000008ca00000, 0x000000008ca00000, 0x000000008cb00000|  0%| F|  |TAMS 0x000000008ca00000, 0x000000008ca00000| Untracked 
|  37|0x000000008cb00000, 0x000000008cb00000, 0x000000008cc00000|  0%| F|  |TAMS 0x000000008cb00000, 0x000000008cb00000| Untracked 
|  38|0x000000008cc00000, 0x000000008cc00000, 0x000000008cd00000|  0%| F|  |TAMS 0x000000008cc00000, 0x000000008cc00000| Untracked 
|  39|0x000000008cd00000, 0x000000008cd00000, 0x000000008ce00000|  0%| F|  |TAMS 0x000000008cd00000, 0x000000008cd00000| Untracked 
|  40|0x000000008ce00000, 0x000000008ce00000, 0x000000008cf00000|  0%| F|  |TAMS 0x000000008ce00000, 0x000000008ce00000| Untracked 
|  41|0x000000008cf00000, 0x000000008cf00000, 0x000000008d000000|  0%| F|  |TAMS 0x000000008cf00000, 0x000000008cf00000| Untracked 
|  42|0x000000008d000000, 0x000000008d000000, 0x000000008d100000|  0%| F|  |TAMS 0x000000008d000000, 0x000000008d000000| Untracked 
|  43|0x000000008d100000, 0x000000008d100000, 0x000000008d200000|  0%| F|  |TAMS 0x000000008d100000, 0x000000008d100000| Untracked 
|  44|0x000000008d200000, 0x000000008d200000, 0x000000008d300000|  0%| F|  |TAMS 0x000000008d200000, 0x000000008d200000| Untracked 
|  45|0x000000008d300000, 0x000000008d300000, 0x000000008d400000|  0%| F|  |TAMS 0x000000008d300000, 0x000000008d300000| Untracked 
|  46|0x000000008d400000, 0x000000008d400000, 0x000000008d500000|  0%| F|  |TAMS 0x000000008d400000, 0x000000008d400000| Untracked 
|  47|0x000000008d500000, 0x000000008d500000, 0x000000008d600000|  0%| F|  |TAMS 0x000000008d500000, 0x000000008d500000| Untracked 
|  48|0x000000008d600000, 0x000000008d600000, 0x000000008d700000|  0%| F|  |TAMS 0x000000008d600000, 0x000000008d600000| Untracked 
|  49|0x000000008d700000, 0x000000008d700000, 0x000000008d800000|  0%| F|  |TAMS 0x000000008d700000, 0x000000008d700000| Untracked 
|  50|0x000000008d800000, 0x000000008d800000, 0x000000008d900000|  0%| F|  |TAMS 0x000000008d800000, 0x000000008d800000| Untracked 
|  51|0x000000008d900000, 0x000000008d900000, 0x000000008da00000|  0%| F|  |TAMS 0x000000008d900000, 0x000000008d900000| Untracked 
|  52|0x000000008da00000, 0x000000008da00000, 0x000000008db00000|  0%| F|  |TAMS 0x000000008da00000, 0x000000008da00000| Untracked 
|  53|0x000000008db00000, 0x000000008db00000, 0x000000008dc00000|  0%| F|  |TAMS 0x000000008db00000, 0x000000008db00000| Untracked 
|  54|0x000000008dc00000, 0x000000008dc00000, 0x000000008dd00000|  0%| F|  |TAMS 0x000000008dc00000, 0x000000008dc00000| Untracked 
|  55|0x000000008dd00000, 0x000000008dd00000, 0x000000008de00000|  0%| F|  |TAMS 0x000000008dd00000, 0x000000008dd00000| Untracked 
|  56|0x000000008de00000, 0x000000008de00000, 0x000000008df00000|  0%| F|  |TAMS 0x000000008de00000, 0x000000008de00000| Untracked 
|  57|0x000000008df00000, 0x000000008df00000, 0x000000008e000000|  0%| F|  |TAMS 0x000000008df00000, 0x000000008df00000| Untracked 
|  58|0x000000008e000000, 0x000000008e000000, 0x000000008e100000|  0%| F|  |TAMS 0x000000008e000000, 0x000000008e000000| Untracked 
|  59|0x000000008e100000, 0x000000008e100000, 0x000000008e200000|  0%| F|  |TAMS 0x000000008e100000, 0x000000008e100000| Untracked 
|  60|0x000000008e200000, 0x000000008e200000, 0x000000008e300000|  0%| F|  |TAMS 0x000000008e200000, 0x000000008e200000| Untracked 
|  61|0x000000008e300000, 0x000000008e300000, 0x000000008e400000|  0%| F|  |TAMS 0x000000008e300000, 0x000000008e300000| Untracked 
|  62|0x000000008e400000, 0x000000008e400000, 0x000000008e500000|  0%| F|  |TAMS 0x000000008e400000, 0x000000008e400000| Untracked 
|  63|0x000000008e500000, 0x000000008e500000, 0x000000008e600000|  0%| F|  |TAMS 0x000000008e500000, 0x000000008e500000| Untracked 
|  64|0x000000008e600000, 0x000000008e600000, 0x000000008e700000|  0%| F|  |TAMS 0x000000008e600000, 0x000000008e600000| Untracked 
|  65|0x000000008e700000, 0x000000008e700000, 0x000000008e800000|  0%| F|  |TAMS 0x000000008e700000, 0x000000008e700000| Untracked 
|  66|0x000000008e800000, 0x000000008e800000, 0x000000008e900000|  0%| F|  |TAMS 0x000000008e800000, 0x000000008e800000| Untracked 
|  67|0x000000008e900000, 0x000000008e900000, 0x000000008ea00000|  0%| F|  |TAMS 0x000000008e900000, 0x000000008e900000| Untracked 
|  68|0x000000008ea00000, 0x000000008ea00000, 0x000000008eb00000|  0%| F|  |TAMS 0x000000008ea00000, 0x000000008ea00000| Untracked 
|  69|0x000000008eb00000, 0x000000008eb00000, 0x000000008ec00000|  0%| F|  |TAMS 0x000000008eb00000, 0x000000008eb00000| Untracked 
|  70|0x000000008ec00000, 0x000000008ec00000, 0x000000008ed00000|  0%| F|  |TAMS 0x000000008ec00000, 0x000000008ec00000| Untracked 
|  71|0x000000008ed00000, 0x000000008ed00000, 0x000000008ee00000|  0%| F|  |TAMS 0x000000008ed00000, 0x000000008ed00000| Untracked 
|  72|0x000000008ee00000, 0x000000008ee00000, 0x000000008ef00000|  0%| F|  |TAMS 0x000000008ee00000, 0x000000008ee00000| Untracked 
|  73|0x000000008ef00000, 0x000000008ef00000, 0x000000008f000000|  0%| F|  |TAMS 0x000000008ef00000, 0x000000008ef00000| Untracked 
|  74|0x000000008f000000, 0x000000008f000000, 0x000000008f100000|  0%| F|  |TAMS 0x000000008f000000, 0x000000008f000000| Untracked 
|  75|0x000000008f100000, 0x000000008f100000, 0x000000008f200000|  0%| F|  |TAMS 0x000000008f100000, 0x000000008f100000| Untracked 
|  76|0x000000008f200000, 0x000000008f200000, 0x000000008f300000|  0%| F|  |TAMS 0x000000008f200000, 0x000000008f200000| Untracked 
|  77|0x000000008f300000, 0x000000008f300000, 0x000000008f400000|  0%| F|  |TAMS 0x000000008f300000, 0x000000008f300000| Untracked 
|  78|0x000000008f400000, 0x000000008f400000, 0x000000008f500000|  0%| F|  |TAMS 0x000000008f400000, 0x000000008f400000| Untracked 
|  79|0x000000008f500000, 0x000000008f500000, 0x000000008f600000|  0%| F|  |TAMS 0x000000008f500000, 0x000000008f500000| Untracked 
|  80|0x000000008f600000, 0x000000008f600000, 0x000000008f700000|  0%| F|  |TAMS 0x000000008f600000, 0x000000008f600000| Untracked 
|  81|0x000000008f700000, 0x000000008f700000, 0x000000008f800000|  0%| F|  |TAMS 0x000000008f700000, 0x000000008f700000| Untracked 
|  82|0x000000008f800000, 0x000000008f800000, 0x000000008f900000|  0%| F|  |TAMS 0x000000008f800000, 0x000000008f800000| Untracked 
|  83|0x000000008f900000, 0x000000008f900000, 0x000000008fa00000|  0%| F|  |TAMS 0x000000008f900000, 0x000000008f900000| Untracked 
|  84|0x000000008fa00000, 0x000000008fa00000, 0x000000008fb00000|  0%| F|  |TAMS 0x000000008fa00000, 0x000000008fa00000| Untracked 
|  85|0x000000008fb00000, 0x000000008fb00000, 0x000000008fc00000|  0%| F|  |TAMS 0x000000008fb00000, 0x000000008fb00000| Untracked 
|  86|0x000000008fc00000, 0x000000008fc00000, 0x000000008fd00000|  0%| F|  |TAMS 0x000000008fc00000, 0x000000008fc00000| Untracked 
|  87|0x000000008fd00000, 0x000000008fd00000, 0x000000008fe00000|  0%| F|  |TAMS 0x000000008fd00000, 0x000000008fd00000| Untracked 
|  88|0x000000008fe00000, 0x000000008fe00000, 0x000000008ff00000|  0%| F|  |TAMS 0x000000008fe00000, 0x000000008fe00000| Untracked 
|  89|0x000000008ff00000, 0x000000008ff00000, 0x0000000090000000|  0%| F|  |TAMS 0x000000008ff00000, 0x000000008ff00000| Untracked 
|  90|0x0000000090000000, 0x0000000090000000, 0x0000000090100000|  0%| F|  |TAMS 0x0000000090000000, 0x0000000090000000| Untracked 
|  91|0x0000000090100000, 0x0000000090100000, 0x0000000090200000|  0%| F|  |TAMS 0x0000000090100000, 0x0000000090100000| Untracked 
|  92|0x0000000090200000, 0x0000000090200000, 0x0000000090300000|  0%| F|  |TAMS 0x0000000090200000, 0x0000000090200000| Untracked 
|  93|0x0000000090300000, 0x0000000090300000, 0x0000000090400000|  0%| F|  |TAMS 0x0000000090300000, 0x0000000090300000| Untracked 
|  94|0x0000000090400000, 0x0000000090400000, 0x0000000090500000|  0%| F|  |TAMS 0x0000000090400000, 0x0000000090400000| Untracked 
|  95|0x0000000090500000, 0x0000000090500000, 0x0000000090600000|  0%| F|  |TAMS 0x0000000090500000, 0x0000000090500000| Untracked 
|  96|0x0000000090600000, 0x0000000090600000, 0x0000000090700000|  0%| F|  |TAMS 0x0000000090600000, 0x0000000090600000| Untracked 
|  97|0x0000000090700000, 0x0000000090700000, 0x0000000090800000|  0%| F|  |TAMS 0x0000000090700000, 0x0000000090700000| Untracked 
|  98|0x0000000090800000, 0x0000000090800000, 0x0000000090900000|  0%| F|  |TAMS 0x0000000090800000, 0x0000000090800000| Untracked 
|  99|0x0000000090900000, 0x0000000090900000, 0x0000000090a00000|  0%| F|  |TAMS 0x0000000090900000, 0x0000000090900000| Untracked 
| 100|0x0000000090a00000, 0x0000000090a00000, 0x0000000090b00000|  0%| F|  |TAMS 0x0000000090a00000, 0x0000000090a00000| Untracked 
| 101|0x0000000090b00000, 0x0000000090b00000, 0x0000000090c00000|  0%| F|  |TAMS 0x0000000090b00000, 0x0000000090b00000| Untracked 
| 102|0x0000000090c00000, 0x0000000090c00000, 0x0000000090d00000|  0%| F|  |TAMS 0x0000000090c00000, 0x0000000090c00000| Untracked 
| 103|0x0000000090d00000, 0x0000000090d00000, 0x0000000090e00000|  0%| F|  |TAMS 0x0000000090d00000, 0x0000000090d00000| Untracked 
| 104|0x0000000090e00000, 0x0000000090e00000, 0x0000000090f00000|  0%| F|  |TAMS 0x0000000090e00000, 0x0000000090e00000| Untracked 
| 105|0x0000000090f00000, 0x0000000090f00000, 0x0000000091000000|  0%| F|  |TAMS 0x0000000090f00000, 0x0000000090f00000| Untracked 
| 106|0x0000000091000000, 0x0000000091000000, 0x0000000091100000|  0%| F|  |TAMS 0x0000000091000000, 0x0000000091000000| Untracked 
| 107|0x0000000091100000, 0x0000000091100000, 0x0000000091200000|  0%| F|  |TAMS 0x0000000091100000, 0x0000000091100000| Untracked 
| 108|0x0000000091200000, 0x0000000091200000, 0x0000000091300000|  0%| F|  |TAMS 0x0000000091200000, 0x0000000091200000| Untracked 
| 109|0x0000000091300000, 0x0000000091300000, 0x0000000091400000|  0%| F|  |TAMS 0x0000000091300000, 0x0000000091300000| Untracked 
| 110|0x0000000091400000, 0x00000000914ec0b0, 0x0000000091500000| 92%| E|  |TAMS 0x0000000091400000, 0x0000000091400000| Complete 
| 111|0x0000000091500000, 0x0000000091600000, 0x0000000091600000|100%| E|CS|TAMS 0x0000000091500000, 0x0000000091500000| Complete 
| 112|0x0000000091600000, 0x0000000091700000, 0x0000000091700000|100%| E|CS|TAMS 0x0000000091600000, 0x0000000091600000| Complete 
| 113|0x0000000091700000, 0x0000000091800000, 0x0000000091800000|100%| E|CS|TAMS 0x0000000091700000, 0x0000000091700000| Complete 
| 114|0x0000000091800000, 0x0000000091900000, 0x0000000091900000|100%| E|CS|TAMS 0x0000000091800000, 0x0000000091800000| Complete 
| 115|0x0000000091900000, 0x0000000091a00000, 0x0000000091a00000|100%| E|CS|TAMS 0x0000000091900000, 0x0000000091900000| Complete 
| 116|0x0000000091a00000, 0x0000000091b00000, 0x0000000091b00000|100%| E|CS|TAMS 0x0000000091a00000, 0x0000000091a00000| Complete 
| 117|0x0000000091b00000, 0x0000000091c00000, 0x0000000091c00000|100%| E|CS|TAMS 0x0000000091b00000, 0x0000000091b00000| Complete 

Card table byte_map: [0x00000180e48b0000,0x00000180e4c60000] _byte_map_base: 0x00000180e445d000

Marking Bits (Prev, Next): (CMBitMap*) 0x00000180d1948190, (CMBitMap*) 0x00000180d19481d0
 Prev Bits: [0x00000180e5010000, 0x00000180e6d78000)
 Next Bits: [0x00000180e6d80000, 0x00000180e8ae8000)

Polling page: 0x00000180cf8b0000

Metaspace:

Usage:
  Non-class:     13.74 MB used.
      Class:      1.61 MB used.
       Both:     15.34 MB used.

Virtual space:
  Non-class space:       16.00 MB reserved,      13.81 MB ( 86%) committed,  2 nodes.
      Class space:        1.00 GB reserved,       1.75 MB ( <1%) committed,  1 nodes.
             Both:        1.02 GB reserved,      15.56 MB (  1%) committed. 

Chunk freelists:
   Non-Class:  2.10 MB
       Class:  2.25 MB
        Both:  4.35 MB

MaxMetaspaceSize: unlimited
CompressedClassSpaceSize: 1.00 GB
Initial GC threshold: 21.00 MB
Current GC threshold: 21.00 MB
CDS: off
MetaspaceReclaimPolicy: balanced
 - commit_granule_bytes: 65536.
 - commit_granule_words: 8192.
 - virtual_space_node_default_size: 1048576.
 - enlarge_chunks_in_place: 1.
 - new_chunks_are_fully_committed: 0.
 - uncommit_free_chunks: 1.
 - use_allocation_guard: 0.
 - handle_deallocations: 1.


Internal statistics:

num_allocs_failed_limit: 0.
num_arena_births: 124.
num_arena_deaths: 0.
num_vsnodes_births: 3.
num_vsnodes_deaths: 0.
num_space_committed: 249.
num_space_uncommitted: 0.
num_chunks_returned_to_freelist: 0.
num_chunks_taken_from_freelist: 207.
num_chunk_merges: 0.
num_chunk_splits: 99.
num_chunks_enlarged: 25.
num_purges: 0.
num_inconsistent_stats: 0.

CodeHeap 'non-profiled nmethods': size=120000Kb used=287Kb max_used=287Kb free=119712Kb
 bounds [0x00000180dca80000, 0x00000180dccf0000, 0x00000180e3fb0000]
CodeHeap 'profiled nmethods': size=120000Kb used=1801Kb max_used=1801Kb free=118198Kb
 bounds [0x00000180d4fb0000, 0x00000180d5220000, 0x00000180dc4e0000]
CodeHeap 'non-nmethods': size=5760Kb used=1291Kb max_used=1307Kb free=4468Kb
 bounds [0x00000180dc4e0000, 0x00000180dc750000, 0x00000180dca80000]
 total_blobs=1753 nmethods=1129 adapters=537
 compilation: enabled
              stopped_count=0, restarted_count=0
 full_count=0

Compilation events (20 events):
Event: 73.190 Thread 0x00000180ec15bbf0 nmethod 1121 0x00000180dcac7b90 code [0x00000180dcac7d20, 0x00000180dcac7df8]
Event: 73.271 Thread 0x00000180ec15bbf0 1122       3       java.util.LinkedList$ListItr::hasNext (20 bytes)
Event: 73.275 Thread 0x00000180ec15bbf0 nmethod 1122 0x00000180d516a310 code [0x00000180d516a4a0, 0x00000180d516a618]
Event: 73.276 Thread 0x00000180ec15bbf0 1123       3       sun.java2d.pipe.BufferedContext::validate (575 bytes)
Event: 73.284 Thread 0x00000180ec15bbf0 nmethod 1123 0x00000180d516a710 code [0x00000180d516acc0, 0x00000180d516e658]
Event: 73.284 Thread 0x00000180ec15bbf0 1124   !   3       sun.awt.image.SurfaceManager::getManager (47 bytes)
Event: 73.285 Thread 0x00000180ec15bbf0 nmethod 1124 0x00000180d516f910 code [0x00000180d516fb20, 0x00000180d5170258]
Event: 73.285 Thread 0x00000180ec15bbf0 1125       3       java.awt.Image$1::getSurfaceManager (5 bytes)
Event: 73.285 Thread 0x00000180ec15bbf0 nmethod 1125 0x00000180d5170610 code [0x00000180d51707a0, 0x00000180d51708b8]
Event: 73.287 Thread 0x00000180ec15bbf0 1126       3       java.util.LinkedList$ListItr::checkForComodification (23 bytes)
Event: 73.287 Thread 0x00000180ec15bbf0 nmethod 1126 0x00000180d5170990 code [0x00000180d5170b40, 0x00000180d5170d08]
Event: 73.287 Thread 0x00000180ec15bbf0 1127       3       java.awt.GradientPaint::getTransparency (31 bytes)
Event: 73.288 Thread 0x00000180ec15bbf0 nmethod 1127 0x00000180d5170e10 code [0x00000180d5170fc0, 0x00000180d5171458]
Event: 73.292 Thread 0x00000180ec15bbf0 1128       3       sun.java2d.loops.RenderCache$Entry::matches (30 bytes)
Event: 73.292 Thread 0x00000180ec15bbf0 nmethod 1128 0x00000180d5171590 code [0x00000180d5171720, 0x00000180d51718f8]
Event: 73.298 Thread 0x00000180ec15bbf0 1129       3       java.lang.Math::max (45 bytes)
Event: 73.299 Thread 0x00000180ec15bbf0 nmethod 1129 0x00000180d5171990 code [0x00000180d5171b40, 0x00000180d5171e98]
Event: 73.299 Thread 0x00000180ec15bbf0 1130       3       sun.swing.SwingUtilities2::getFRCProperty (38 bytes)
Event: 73.301 Thread 0x00000180ec15bbf0 nmethod 1130 0x00000180d5171f10 code [0x00000180d51720e0, 0x00000180d51724c8]
Event: 73.302 Thread 0x00000180ec15bbf0 1131       3       sun.swing.SwingUtilities2::getFRCFromCache (128 bytes)

GC Heap History (0 events):
No events

Dll operation events (8 events):
Event: 0.018 Loaded shared library C:\STSide\sts-4.17.2.RELEASE\plugins\org.eclipse.justj.openjdk.hotspot.jre.full.win32.x86_64_17.0.6.v20230125-1136\jre\bin\java.dll
Event: 0.257 Loaded shared library C:\STSide\sts-4.17.2.RELEASE\plugins\org.eclipse.justj.openjdk.hotspot.jre.full.win32.x86_64_17.0.6.v20230125-1136\jre\bin\net.dll
Event: 0.263 Loaded shared library C:\STSide\sts-4.17.2.RELEASE\plugins\org.eclipse.justj.openjdk.hotspot.jre.full.win32.x86_64_17.0.6.v20230125-1136\jre\bin\nio.dll
Event: 0.376 Loaded shared library C:\STSide\sts-4.17.2.RELEASE\plugins\org.eclipse.justj.openjdk.hotspot.jre.full.win32.x86_64_17.0.6.v20230125-1136\jre\bin\jimage.dll
Event: 0.427 Loaded shared library C:\STSide\sts-4.17.2.RELEASE\plugins\org.eclipse.justj.openjdk.hotspot.jre.full.win32.x86_64_17.0.6.v20230125-1136\jre\bin\awt.dll
Event: 0.771 Loaded shared library C:\STSide\sts-4.17.2.RELEASE\plugins\org.eclipse.justj.openjdk.hotspot.jre.full.win32.x86_64_17.0.6.v20230125-1136\jre\bin\zip.dll
Event: 0.871 Loaded shared library C:\STSide\sts-4.17.2.RELEASE\plugins\org.eclipse.justj.openjdk.hotspot.jre.full.win32.x86_64_17.0.6.v20230125-1136\jre\bin\freetype.dll
Event: 0.878 Loaded shared library C:\STSide\sts-4.17.2.RELEASE\plugins\org.eclipse.justj.openjdk.hotspot.jre.full.win32.x86_64_17.0.6.v20230125-1136\jre\bin\fontmanager.dll

Deoptimization events (20 events):
Event: 0.946 Thread 0x00000180d18ef070 DEOPT PACKING pc=0x00000180dcaa2ff0 sp=0x00000026cf5fcf70
Event: 0.946 Thread 0x00000180d18ef070 DEOPT UNPACKING pc=0x00000180dc5369a3 sp=0x00000026cf5fcef0 mode 2
Event: 1.496 Thread 0x00000180d18ef070 DEOPT PACKING pc=0x00000180d4fb73d1 sp=0x00000026cf5fc9e0
Event: 1.496 Thread 0x00000180d18ef070 DEOPT UNPACKING pc=0x00000180dc537143 sp=0x00000026cf5fbe58 mode 0
Event: 3.012 Thread 0x00000180ecb11440 Uncommon trap: trap_request=0xffffffde fr.pc=0x00000180dca92fa4 relative=0x00000000000001a4
Event: 3.012 Thread 0x00000180ecb11440 Uncommon trap: reason=class_check action=maybe_recompile pc=0x00000180dca92fa4 method=java.lang.String.equals(Ljava/lang/Object;)Z @ 8 c2
Event: 3.012 Thread 0x00000180ecb11440 DEOPT PACKING pc=0x00000180dca92fa4 sp=0x00000026d1dfda20
Event: 3.012 Thread 0x00000180ecb11440 DEOPT UNPACKING pc=0x00000180dc5369a3 sp=0x00000026d1dfd9c8 mode 2
Event: 3.012 Thread 0x00000180ecb11440 Uncommon trap: trap_request=0xffffffde fr.pc=0x00000180dca92fa4 relative=0x00000000000001a4
Event: 3.012 Thread 0x00000180ecb11440 Uncommon trap: reason=class_check action=maybe_recompile pc=0x00000180dca92fa4 method=java.lang.String.equals(Ljava/lang/Object;)Z @ 8 c2
Event: 3.012 Thread 0x00000180ecb11440 DEOPT PACKING pc=0x00000180dca92fa4 sp=0x00000026d1dfda20
Event: 3.012 Thread 0x00000180ecb11440 DEOPT UNPACKING pc=0x00000180dc5369a3 sp=0x00000026d1dfd9c8 mode 2
Event: 3.198 Thread 0x00000180ecb11440 Uncommon trap: trap_request=0xffffffde fr.pc=0x00000180dca92fa4 relative=0x00000000000001a4
Event: 3.198 Thread 0x00000180ecb11440 Uncommon trap: reason=class_check action=maybe_recompile pc=0x00000180dca92fa4 method=java.lang.String.equals(Ljava/lang/Object;)Z @ 8 c2
Event: 3.198 Thread 0x00000180ecb11440 DEOPT PACKING pc=0x00000180dca92fa4 sp=0x00000026d1dfda20
Event: 3.198 Thread 0x00000180ecb11440 DEOPT UNPACKING pc=0x00000180dc5369a3 sp=0x00000026d1dfd9c8 mode 2
Event: 3.198 Thread 0x00000180ecb11440 Uncommon trap: trap_request=0xffffffde fr.pc=0x00000180dca92fa4 relative=0x00000000000001a4
Event: 3.198 Thread 0x00000180ecb11440 Uncommon trap: reason=class_check action=maybe_recompile pc=0x00000180dca92fa4 method=java.lang.String.equals(Ljava/lang/Object;)Z @ 8 c2
Event: 3.198 Thread 0x00000180ecb11440 DEOPT PACKING pc=0x00000180dca92fa4 sp=0x00000026d1dfda20
Event: 3.198 Thread 0x00000180ecb11440 DEOPT UNPACKING pc=0x00000180dc5369a3 sp=0x00000026d1dfd9c8 mode 2

Classes unloaded (0 events):
No events

Classes redefined (0 events):
No events

Internal exceptions (16 events):
Event: 0.287 Thread 0x00000180d18ef070 Exception <a 'java/lang/NoSuchMethodError'{0x0000000091a36fe8}: 'void java.lang.invoke.DirectMethodHandle$Holder.invokeVirtual(java.lang.Object, java.lang.Object)'> (0x0000000091a36fe8) 
thrown [s\src\hotspot\share\interpreter\linkResolver.cpp, line 759]
Event: 0.383 Thread 0x00000180d18ef070 Exception <a 'sun/nio/fs/WindowsException'{0x0000000091adb398}> (0x0000000091adb398) 
thrown [s\src\hotspot\share\prims\jni.cpp, line 516]
Event: 0.395 Thread 0x00000180d18ef070 Exception <a 'java/lang/ClassNotFoundException'{0x0000000091ae1630}: sun/awt/resources/spi/awtProvider> (0x0000000091ae1630) 
thrown [s\src\hotspot\share\classfile\systemDictionary.cpp, line 256]
Event: 0.460 Thread 0x00000180d18ef070 Exception <a 'java/io/FileNotFoundException'{0x0000000091936260}> (0x0000000091936260) 
thrown [s\src\hotspot\share\prims\jni.cpp, line 516]
Event: 0.472 Thread 0x00000180d18ef070 Exception <a 'java/io/FileNotFoundException'{0x0000000091963220}> (0x0000000091963220) 
thrown [s\src\hotspot\share\prims\jni.cpp, line 516]
Event: 0.555 Thread 0x00000180d18ef070 Exception <a 'java/lang/NoSuchMethodError'{0x00000000919acf48}: 'java.lang.Object java.lang.invoke.DirectMethodHandle$Holder.invokeStaticInit(java.lang.Object)'> (0x00000000919acf48) 
thrown [s\src\hotspot\share\interpreter\linkResolver.cpp, line 759]
Event: 0.659 Thread 0x00000180d18ef070 Exception <a 'java/lang/NoSuchMethodError'{0x00000000919d9b90}: 'void java.lang.invoke.DirectMethodHandle$Holder.invokeSpecial(java.lang.Object, java.lang.Object, java.lang.Object)'> (0x00000000919d9b90) 
thrown [s\src\hotspot\share\interpreter\linkResolver.cpp, line 759]
Event: 0.675 Thread 0x00000180d18ef070 Exception <a 'java/lang/NoSuchMethodError'{0x0000000091817ac0}: 'java.lang.Object java.lang.invoke.DirectMethodHandle$Holder.newInvokeSpecial(java.lang.Object, java.lang.Object, java.lang.Object, java.lang.Object, java.lang.Object)'> (0x0000000091817ac0) 
thrown [s\src\hotspot\share\interpreter\linkResolver.cpp, line 759]
Event: 0.678 Thread 0x00000180d18ef070 Exception <a 'java/lang/NoSuchMethodError'{0x0000000091823488}: 'java.lang.Object java.lang.invoke.DirectMethodHandle$Holder.invokeStatic(java.lang.Object, int, java.lang.Object, java.lang.Object, java.lang.Object, java.lang.Object)'> (0x0000000091823488) 
thrown [s\src\hotspot\share\interpreter\linkResolver.cpp, line 759]
Event: 0.686 Thread 0x00000180d18ef070 Exception <a 'java/lang/NoSuchMethodError'{0x0000000091848c48}: 'java.lang.Object java.lang.invoke.DirectMethodHandle$Holder.invokeStatic(java.lang.Object, int, java.lang.Object)'> (0x0000000091848c48) 
thrown [s\src\hotspot\share\interpreter\linkResolver.cpp, line 759]
Event: 0.751 Thread 0x00000180d18ef070 Exception <a 'java/lang/ClassNotFoundException'{0x0000000091703958}: com/sun/swing/internal/plaf/metal/resources/spi/metalProvider> (0x0000000091703958) 
thrown [s\src\hotspot\share\classfile\systemDictionary.cpp, line 256]
Event: 0.753 Thread 0x00000180d18ef070 Exception <a 'java/lang/ClassNotFoundException'{0x0000000091708138}: com/sun/swing/internal/plaf/basic/resources/spi/basicProvider> (0x0000000091708138) 
thrown [s\src\hotspot\share\classfile\systemDictionary.cpp, line 256]
Event: 0.786 Thread 0x00000180ec63d4a0 Exception <a 'java/lang/NoSuchMethodError'{0x0000000091782e10}: 'java.lang.Object java.lang.invoke.DirectMethodHandle$Holder.newInvokeSpecial(java.lang.Object, java.lang.Object, java.lang.Object, int, int, int, int, int)'> (0x0000000091782e10) 
thrown [s\src\hotspot\share\interpreter\linkResolver.cpp, line 759]
Event: 1.485 Thread 0x00000180d18ef070 Exception <a 'java/lang/NoSuchMethodError'{0x00000000916d37b0}: 'void java.lang.invoke.DirectMethodHandle$Holder.invokeStaticInit(java.lang.Object)'> (0x00000000916d37b0) 
thrown [s\src\hotspot\share\interpreter\linkResolver.cpp, line 759]
Event: 1.517 Thread 0x00000180d18ef070 Exception <a 'sun/nio/fs/WindowsException'{0x0000000091501a98}> (0x0000000091501a98) 
thrown [s\src\hotspot\share\prims\jni.cpp, line 516]
Event: 1.857 Thread 0x00000180d18ef070 Exception <a 'java/lang/NoSuchMethodError'{0x000000009151e9b8}: 'int java.lang.invoke.DirectMethodHandle$Holder.invokeStatic(java.lang.Object)'> (0x000000009151e9b8) 
thrown [s\src\hotspot\share\interpreter\linkResolver.cpp, line 759]

VM Operations (20 events):
Event: 0.946 Executing VM operation: HandshakeAllThreads
Event: 0.946 Executing VM operation: HandshakeAllThreads done
Event: 1.947 Executing VM operation: Cleanup
Event: 1.947 Executing VM operation: Cleanup done
Event: 2.948 Executing VM operation: Cleanup
Event: 2.948 Executing VM operation: Cleanup done
Event: 3.948 Executing VM operation: Cleanup
Event: 3.948 Executing VM operation: Cleanup done
Event: 4.949 Executing VM operation: Cleanup
Event: 4.949 Executing VM operation: Cleanup done
Event: 5.950 Executing VM operation: Cleanup
Event: 5.950 Executing VM operation: Cleanup done
Event: 7.950 Executing VM operation: Cleanup
Event: 7.951 Executing VM operation: Cleanup done
Event: 8.951 Executing VM operation: Cleanup
Event: 8.952 Executing VM operation: Cleanup done
Event: 11.954 Executing VM operation: Cleanup
Event: 11.954 Executing VM operation: Cleanup done
Event: 72.988 Executing VM operation: Cleanup
Event: 72.988 Executing VM operation: Cleanup done

Events (20 events):
Event: 4.956 loading class java/awt/LightweightDispatcher$2 done
Event: 4.957 loading class jdk/internal/math/FloatingDecimal
Event: 4.958 loading class jdk/internal/math/FloatingDecimal done
Event: 4.958 loading class jdk/internal/math/FloatingDecimal$ExceptionalBinaryToASCIIBuffer
Event: 4.958 loading class jdk/internal/math/FloatingDecimal$BinaryToASCIIConverter
Event: 4.958 loading class jdk/internal/math/FloatingDecimal$BinaryToASCIIConverter done
Event: 4.958 loading class jdk/internal/math/FloatingDecimal$ExceptionalBinaryToASCIIBuffer done
Event: 4.958 loading class jdk/internal/math/FloatingDecimal$BinaryToASCIIBuffer
Event: 4.959 loading class jdk/internal/math/FloatingDecimal$BinaryToASCIIBuffer done
Event: 4.959 loading class jdk/internal/math/FloatingDecimal$1
Event: 4.959 loading class jdk/internal/math/FloatingDecimal$1 done
Event: 4.959 loading class jdk/internal/math/FloatingDecimal$PreparedASCIIToBinaryBuffer
Event: 4.959 loading class jdk/internal/math/FloatingDecimal$ASCIIToBinaryConverter
Event: 4.959 loading class jdk/internal/math/FloatingDecimal$ASCIIToBinaryConverter done
Event: 4.959 loading class jdk/internal/math/FloatingDecimal$PreparedASCIIToBinaryBuffer done
Event: 4.959 loading class jdk/internal/math/FloatingDecimal$ASCIIToBinaryBuffer
Event: 4.959 loading class jdk/internal/math/FloatingDecimal$ASCIIToBinaryBuffer done
Event: 5.924 loading class jdk/internal/math/FDBigInteger
Event: 5.924 loading class jdk/internal/math/FDBigInteger done
Event: 9.962 Thread 0x00000180ec63d4a0 Thread exited: 0x00000180ec63d4a0


Dynamic libraries:
0x00007ff7e67e0000 - 0x00007ff7e67ee000 	C:\STSide\sts-4.17.2.RELEASE\plugins\org.eclipse.justj.openjdk.hotspot.jre.full.win32.x86_64_17.0.6.v20230125-1136\jre\bin\javaw.exe
0x00007ffe9efc0000 - 0x00007ffe9f1c9000 	C:\windows\SYSTEM32\ntdll.dll
0x00007ffe9d930000 - 0x00007ffe9d9ee000 	C:\windows\System32\KERNEL32.DLL
0x00007ffe9c720000 - 0x00007ffe9ca9c000 	C:\windows\System32\KERNELBASE.dll
0x00007ffe9c490000 - 0x00007ffe9c5a1000 	C:\windows\System32\ucrtbase.dll
0x00007ffe632d0000 - 0x00007ffe632e7000 	C:\STSide\sts-4.17.2.RELEASE\plugins\org.eclipse.justj.openjdk.hotspot.jre.full.win32.x86_64_17.0.6.v20230125-1136\jre\bin\jli.dll
0x00007ffe632b0000 - 0x00007ffe632c9000 	C:\STSide\sts-4.17.2.RELEASE\plugins\org.eclipse.justj.openjdk.hotspot.jre.full.win32.x86_64_17.0.6.v20230125-1136\jre\bin\VCRUNTIME140.dll
0x00007ffe9d3c0000 - 0x00007ffe9d56d000 	C:\windows\System32\USER32.dll
0x00007ffe9c6f0000 - 0x00007ffe9c716000 	C:\windows\System32\win32u.dll
0x00007ffe9d6b0000 - 0x00007ffe9d6d9000 	C:\windows\System32\GDI32.dll
0x00007ffe9cb40000 - 0x00007ffe9cc58000 	C:\windows\System32\gdi32full.dll
0x00007ffe9b6b0000 - 0x00007ffe9b955000 	C:\windows\WinSxS\amd64_microsoft.windows.common-controls_6595b64144ccf1df_6.0.22000.120_none_9d947278b86cc467\COMCTL32.dll
0x00007ffe9caa0000 - 0x00007ffe9cb3d000 	C:\windows\System32\msvcp_win.dll
0x00007ffe9df10000 - 0x00007ffe9dfb3000 	C:\windows\System32\msvcrt.dll
0x00007ffe9d8f0000 - 0x00007ffe9d922000 	C:\windows\System32\IMM32.DLL
0x00007ffe831b0000 - 0x00007ffe831bc000 	C:\STSide\sts-4.17.2.RELEASE\plugins\org.eclipse.justj.openjdk.hotspot.jre.full.win32.x86_64_17.0.6.v20230125-1136\jre\bin\vcruntime140_1.dll
0x00007ffe58550000 - 0x00007ffe585e1000 	C:\STSide\sts-4.17.2.RELEASE\plugins\org.eclipse.justj.openjdk.hotspot.jre.full.win32.x86_64_17.0.6.v20230125-1136\jre\bin\msvcp140.dll
0x00007ffe2d5c0000 - 0x00007ffe2e207000 	C:\STSide\sts-4.17.2.RELEASE\plugins\org.eclipse.justj.openjdk.hotspot.jre.full.win32.x86_64_17.0.6.v20230125-1136\jre\bin\server\jvm.dll
0x00007ffe9d570000 - 0x00007ffe9d61e000 	C:\windows\System32\ADVAPI32.dll
0x00007ffe9d9f0000 - 0x00007ffe9da8e000 	C:\windows\System32\sechost.dll
0x00007ffe9dc20000 - 0x00007ffe9dd40000 	C:\windows\System32\RPCRT4.dll
0x00007ffe93940000 - 0x00007ffe93973000 	C:\windows\SYSTEM32\WINMM.dll
0x00007ffe901e0000 - 0x00007ffe901e9000 	C:\windows\SYSTEM32\WSOCK32.dll
0x00007ffe93c30000 - 0x00007ffe93c3a000 	C:\windows\SYSTEM32\VERSION.dll
0x00007ffe9ed70000 - 0x00007ffe9eddf000 	C:\windows\System32\WS2_32.dll
0x00007ffe9af00000 - 0x00007ffe9af18000 	C:\windows\SYSTEM32\kernel.appcore.dll
0x00007ffe98c70000 - 0x00007ffe98c7a000 	C:\STSide\sts-4.17.2.RELEASE\plugins\org.eclipse.justj.openjdk.hotspot.jre.full.win32.x86_64_17.0.6.v20230125-1136\jre\bin\jimage.dll
0x00007ffe9bde0000 - 0x00007ffe9c001000 	C:\windows\SYSTEM32\DBGHELP.DLL
0x00007ffe9bb20000 - 0x00007ffe9bb51000 	C:\windows\SYSTEM32\dbgcore.DLL
0x00007ffe9c5b0000 - 0x00007ffe9c62f000 	C:\windows\System32\bcryptPrimitives.dll
0x00007ffe89440000 - 0x00007ffe89465000 	C:\STSide\sts-4.17.2.RELEASE\plugins\org.eclipse.justj.openjdk.hotspot.jre.full.win32.x86_64_17.0.6.v20230125-1136\jre\bin\java.dll
0x00007ffe803e0000 - 0x00007ffe803f8000 	C:\STSide\sts-4.17.2.RELEASE\plugins\org.eclipse.justj.openjdk.hotspot.jre.full.win32.x86_64_17.0.6.v20230125-1136\jre\bin\zip.dll
0x00007ffe9e500000 - 0x00007ffe9ecc5000 	C:\windows\System32\SHELL32.dll
0x00007ffe99f00000 - 0x00007ffe9a765000 	C:\windows\SYSTEM32\windows.storage.dll
0x00007ffe9d040000 - 0x00007ffe9d3b8000 	C:\windows\System32\combase.dll
0x00007ffe99d90000 - 0x00007ffe99ef6000 	C:\windows\SYSTEM32\wintypes.dll
0x00007ffe9da90000 - 0x00007ffe9db7a000 	C:\windows\System32\SHCORE.dll
0x00007ffe9e490000 - 0x00007ffe9e4ed000 	C:\windows\System32\shlwapi.dll
0x00007ffe9c3c0000 - 0x00007ffe9c3e1000 	C:\windows\SYSTEM32\profapi.dll
0x00007ffe72ed0000 - 0x00007ffe72ee9000 	C:\STSide\sts-4.17.2.RELEASE\plugins\org.eclipse.justj.openjdk.hotspot.jre.full.win32.x86_64_17.0.6.v20230125-1136\jre\bin\net.dll
0x00007ffe95be0000 - 0x00007ffe95cf4000 	C:\windows\SYSTEM32\WINHTTP.dll
0x00007ffe9b4d0000 - 0x00007ffe9b537000 	C:\windows\system32\mswsock.dll
0x00007ffe71810000 - 0x00007ffe71825000 	C:\STSide\sts-4.17.2.RELEASE\plugins\org.eclipse.justj.openjdk.hotspot.jre.full.win32.x86_64_17.0.6.v20230125-1136\jre\bin\nio.dll
0x00007ffe52060000 - 0x00007ffe521ee000 	C:\STSide\sts-4.17.2.RELEASE\plugins\org.eclipse.justj.openjdk.hotspot.jre.full.win32.x86_64_17.0.6.v20230125-1136\jre\bin\awt.dll
0x00007ffe9cf60000 - 0x00007ffe9d036000 	C:\windows\System32\OLEAUT32.dll
0x00007ffe99410000 - 0x00007ffe994a1000 	C:\windows\SYSTEM32\apphelp.dll
0x00007ffe99580000 - 0x00007ffe9962c000 	C:\windows\system32\uxtheme.dll
0x00007ffe9ce40000 - 0x00007ffe9cf5d000 	C:\windows\System32\MSCTF.dll
0x00007ffe9d6e0000 - 0x00007ffe9d87a000 	C:\windows\System32\ole32.dll
0x00007ffe99840000 - 0x00007ffe9986f000 	C:\windows\system32\DWMAPI.DLL
0x00007ffe60cc0000 - 0x00007ffe60d46000 	C:\STSide\sts-4.17.2.RELEASE\plugins\org.eclipse.justj.openjdk.hotspot.jre.full.win32.x86_64_17.0.6.v20230125-1136\jre\bin\freetype.dll
0x00007ffe56c50000 - 0x00007ffe56d15000 	C:\STSide\sts-4.17.2.RELEASE\plugins\org.eclipse.justj.openjdk.hotspot.jre.full.win32.x86_64_17.0.6.v20230125-1136\jre\bin\fontmanager.dll
0x00007ffe44ad0000 - 0x00007ffe44bd1000 	C:\windows\system32\opengl32.dll
0x00007ffe44770000 - 0x00007ffe4479d000 	C:\windows\SYSTEM32\GLU32.dll
0x00007ffe996c0000 - 0x00007ffe996f8000 	C:\windows\SYSTEM32\dxcore.dll
0x00007ffe3adf0000 - 0x00007ffe3af96000 	C:\windows\system32\d3d9.dll
0x00007ffe92670000 - 0x00007ffe9282a000 	C:\windows\System32\DriverStore\FileRepository\u0380908.inf_amd64_3105c1702c47b731\B380794\aticfx64.dll
0x00007ffe82290000 - 0x00007ffe822c4000 	C:\windows\System32\DriverStore\FileRepository\u0380908.inf_amd64_3105c1702c47b731\B380794\atiu9p64.dll
0x00007ffe2abe0000 - 0x00007ffe2b936000 	C:\windows\System32\DriverStore\FileRepository\u0380908.inf_amd64_3105c1702c47b731\B380794\atiumd64.dll
0x00000000725e0000 - 0x000000007349f000 	C:\windows\System32\DriverStore\FileRepository\u0380908.inf_amd64_3105c1702c47b731\B380794\atiumd6a.dll
0x00007ffe9dfc0000 - 0x00007ffe9e42c000 	C:\windows\System32\SETUPAPI.dll
0x00007ffe9c0f0000 - 0x00007ffe9c13d000 	C:\windows\SYSTEM32\POWRPROF.dll
0x00007ffe9b9d0000 - 0x00007ffe9b9e3000 	C:\windows\SYSTEM32\UMPDC.dll
0x00007ffe90e50000 - 0x00007ffe90e80000 	C:\windows\SYSTEM32\amdihk64.dll
0x00007ffe96a00000 - 0x00007ffe96a44000 	C:\windows\SYSTEM32\directxdatabasehelper.dll
0x00007ffe9bd70000 - 0x00007ffe9bda4000 	C:\windows\SYSTEM32\ntmarta.dll
0x00007ffe9eed0000 - 0x00007ffe9ef7f000 	C:\windows\System32\clbcatq.dll
0x00007ffe944c0000 - 0x00007ffe9466e000 	C:\windows\SYSTEM32\WindowsCodecs.dll
0x00007ffe6c1c0000 - 0x00007ffe6c21d000 	C:\windows\system32\dataexchange.dll
0x00007ffe98160000 - 0x00007ffe983c6000 	C:\windows\system32\twinapi.appcore.dll
0x00007ffe84360000 - 0x00007ffe8448d000 	C:\windows\SYSTEM32\textinputframework.dll
0x00007ffe76fd0000 - 0x00007ffe77039000 	C:\windows\system32\Oleacc.dll
0x00007ffe99120000 - 0x00007ffe99251000 	C:\windows\SYSTEM32\CoreMessaging.dll
0x00007ffe95d00000 - 0x00007ffe9606d000 	C:\windows\SYSTEM32\CoreUIComponents.dll
0x00007ffe9b460000 - 0x00007ffe9b46c000 	C:\windows\SYSTEM32\CRYPTBASE.DLL

dbghelp: loaded successfully - version: 4.0.5 - missing functions: none
symbol engine: initialized successfully - sym options: 0x614 - pdb path: .;C:\STSide\sts-4.17.2.RELEASE\plugins\org.eclipse.justj.openjdk.hotspot.jre.full.win32.x86_64_17.0.6.v20230125-1136\jre\bin;C:\windows\SYSTEM32;C:\windows\WinSxS\amd64_microsoft.windows.common-controls_6595b64144ccf1df_6.0.22000.120_none_9d947278b86cc467;C:\STSide\sts-4.17.2.RELEASE\plugins\org.eclipse.justj.openjdk.hotspot.jre.full.win32.x86_64_17.0.6.v20230125-1136\jre\bin\server;C:\windows\System32\DriverStore\FileRepository\u0380908.inf_amd64_3105c1702c47b731\B380794

VM Arguments:
jvm_args: -Dfile.encoding=UTF-8 --module-path=C:\Users\brand\OneDrive\Escritorio\Generation\Cohorte-23\05-JAva\java-03\TiposDeDatos\bin -XX:+ShowCodeDetailsInExceptionMessages -Djdk.module.main=TiposDeDatos 
java_command: TiposDeDatos/tiposDeDatos.Ejercicios2
java_class_path (initial): <not set>
Launcher Type: SUN_STANDARD

[Global flags]
     intx CICompilerCount                          = 4                                         {product} {ergonomic}
     uint ConcGCThreads                            = 3                                         {product} {ergonomic}
     uint G1ConcRefinementThreads                  = 10                                        {product} {ergonomic}
   size_t G1HeapRegionSize                         = 1048576                                   {product} {ergonomic}
    uintx GCDrainStackTargetSize                   = 64                                        {product} {ergonomic}
   size_t InitialHeapSize                          = 123731968                                 {product} {ergonomic}
   size_t MarkStackSize                            = 4194304                                   {product} {ergonomic}
   size_t MaxHeapSize                              = 1973420032                                {product} {ergonomic}
   size_t MaxNewSize                               = 1183842304                                {product} {ergonomic}
   size_t MinHeapDeltaBytes                        = 1048576                                   {product} {ergonomic}
   size_t MinHeapSize                              = 8388608                                   {product} {ergonomic}
    uintx NonNMethodCodeHeapSize                   = 5839372                                {pd product} {ergonomic}
    uintx NonProfiledCodeHeapSize                  = 122909434                              {pd product} {ergonomic}
    uintx ProfiledCodeHeapSize                     = 122909434                              {pd product} {ergonomic}
    uintx ReservedCodeCacheSize                    = 251658240                              {pd product} {ergonomic}
     bool SegmentedCodeCache                       = true                                      {product} {ergonomic}
     bool ShowCodeDetailsInExceptionMessages       = true                                   {manageable} {command line}
   size_t SoftMaxHeapSize                          = 1973420032                             {manageable} {ergonomic}
     bool UseCompressedClassPointers               = true                           {product lp64_product} {ergonomic}
     bool UseCompressedOops                        = true                           {product lp64_product} {ergonomic}
     bool UseG1GC                                  = true                                      {product} {ergonomic}
     bool UseLargePagesIndividualAllocation        = false                                  {pd product} {ergonomic}

Logging:
Log output configuration:
 #0: stdout all=warning uptime,level,tags
 #1: stderr all=off uptime,level,tags

Environment Variables:
JAVA_HOME="C:\Program Files\Java\jdk-11.0.18.10-hotspot"
PATH=C:/STSide/sts-4.17.2.RELEASE//plugins/org.eclipse.justj.openjdk.hotspot.jre.full.win32.x86_64_17.0.6.v20230125-1136/jre/bin/server;C:/STSide/sts-4.17.2.RELEASE//plugins/org.eclipse.justj.openjdk.hotspot.jre.full.win32.x86_64_17.0.6.v20230125-1136/jre/bin;C:\Program Files\Eclipse Adoptium\jdk-11.0.18.10-hotspot\bin;C:\Program Files\Common Files\Oracle\Java\javapath;C:\Program Files (x86)\Common Files\Oracle\Java\javapath;C:\ProgramData\Oracle\Java\javapath;C:\Program Files (x86)\Common Files\Intel\Shared Libraries\redist\intel64\compiler;C:\windows\system32;C:\windows;C:\windows\System32\Wbem;C:\windows\System32\WindowsPowerShell\v1.0\;C:\windows\System32\OpenSSH\;C:\Program Files\Java\jdk-19\bin;C:\Program Files\Git\cmd;C:\Users\brand\AppData\Local\Microsoft\WindowsApps;C:\Users\brand\AppData\Local\atom\bin;C:\Users\brand\AppData\Local\Programs\Microsoft VS Code\bin;C:\Users\brand\AppData\Local\GitHubDesktop\bin;C:\Program Files\nodejs;;C:\STSide\sts-4.17.2.RELEASE;
USERNAME=brand
OS=Windows_NT
PROCESSOR_IDENTIFIER=AMD64 Family 23 Model 104 Stepping 1, AuthenticAMD
TMP=C:\Users\brand\AppData\Local\Temp
TEMP=C:\Users\brand\AppData\Local\Temp



---------------  S Y S T E M  ---------------

OS:
 Windows 11 , 64 bit Build 22000 (10.0.22000.1516)
OS uptime: 6 days 17:15 hours

CPU: total 12 (initial active 12) (12 cores per cpu, 2 threads per core) family 23 model 104 stepping 1 microcode 0x0, cx8, cmov, fxsr, ht, mmx, 3dnowpref, sse, sse2, sse3, ssse3, sse4a, sse4.1, sse4.2, popcnt, lzcnt, tsc, tscinvbit, avx, avx2, aes, clmul, bmi1, bmi2, adx, sha, fma, vzeroupper, clflush, clflushopt

Memory: 4k page, system-wide physical 7521M (335M free)
TotalPageFile size 31073M (AvailPageFile size 202M)
current process WorkingSet (physical memory assigned to process): 31M, peak: 94M
current process commit charge ("private bytes"): 252M, peak: 255M

vm_info: OpenJDK 64-Bit Server VM (17.0.6+10) for windows-amd64 JRE (17.0.6+10), built on Jan 18 2023 10:08:59 by "temurin" with MS VC++ 16.7 (VS2019)

END.
